/home/ssafy/final_ws/install/dobot_gesture_control/lib/python3.10/site-packages/dobot_gesture_control/gesture_bridge_node_test.py
/home/ssafy/final_ws/install/dobot_gesture_control/lib/python3.10/site-packages/dobot_gesture_control/test.py
/home/ssafy/final_ws/install/dobot_gesture_control/lib/python3.10/site-packages/dobot_gesture_control/hand_position_controller.py
/home/ssafy/final_ws/install/dobot_gesture_control/lib/python3.10/site-packages/dobot_gesture_control/gesture_ptp_move.py
/home/ssafy/final_ws/install/dobot_gesture_control/lib/python3.10/site-packages/dobot_gesture_control/realsense_yolo_sorter.py
/home/ssafy/final_ws/install/dobot_gesture_control/lib/python3.10/site-packages/dobot_gesture_control/gesture_bridge_node.py
/home/ssafy/final_ws/install/dobot_gesture_control/lib/python3.10/site-packages/dobot_gesture_control/__init__.py
/home/ssafy/final_ws/install/dobot_gesture_control/lib/python3.10/site-packages/dobot_gesture_control/realsense_hand_publisher.py
/home/ssafy/final_ws/install/dobot_gesture_control/lib/python3.10/site-packages/dobot_gesture_control/__pycache__/gesture_bridge_node_test.cpython-310.pyc
/home/ssafy/final_ws/install/dobot_gesture_control/lib/python3.10/site-packages/dobot_gesture_control/__pycache__/test.cpython-310.pyc
/home/ssafy/final_ws/install/dobot_gesture_control/lib/python3.10/site-packages/dobot_gesture_control/__pycache__/hand_position_controller.cpython-310.pyc
/home/ssafy/final_ws/install/dobot_gesture_control/lib/python3.10/site-packages/dobot_gesture_control/__pycache__/gesture_ptp_move.cpython-310.pyc
/home/ssafy/final_ws/install/dobot_gesture_control/lib/python3.10/site-packages/dobot_gesture_control/__pycache__/realsense_yolo_sorter.cpython-310.pyc
/home/ssafy/final_ws/install/dobot_gesture_control/lib/python3.10/site-packages/dobot_gesture_control/__pycache__/gesture_bridge_node.cpython-310.pyc
/home/ssafy/final_ws/install/dobot_gesture_control/lib/python3.10/site-packages/dobot_gesture_control/__pycache__/__init__.cpython-310.pyc
/home/ssafy/final_ws/install/dobot_gesture_control/lib/python3.10/site-packages/dobot_gesture_control/__pycache__/realsense_hand_publisher.cpython-310.pyc
/home/ssafy/final_ws/install/dobot_gesture_control/share/ament_index/resource_index/packages/dobot_gesture_control
/home/ssafy/final_ws/install/dobot_gesture_control/share/dobot_gesture_control/package.xml
/home/ssafy/final_ws/install/dobot_gesture_control/share/dobot_gesture_control/launch/full_system.launch.py
/home/ssafy/final_ws/install/dobot_gesture_control/lib/python3.10/site-packages/dobot_gesture_control-0.0.1-py3.10.egg-info/entry_points.txt
/home/ssafy/final_ws/install/dobot_gesture_control/lib/python3.10/site-packages/dobot_gesture_control-0.0.1-py3.10.egg-info/PKG-INFO
/home/ssafy/final_ws/install/dobot_gesture_control/lib/python3.10/site-packages/dobot_gesture_control-0.0.1-py3.10.egg-info/SOURCES.txt
/home/ssafy/final_ws/install/dobot_gesture_control/lib/python3.10/site-packages/dobot_gesture_control-0.0.1-py3.10.egg-info/top_level.txt
/home/ssafy/final_ws/install/dobot_gesture_control/lib/python3.10/site-packages/dobot_gesture_control-0.0.1-py3.10.egg-info/dependency_links.txt
/home/ssafy/final_ws/install/dobot_gesture_control/lib/python3.10/site-packages/dobot_gesture_control-0.0.1-py3.10.egg-info/zip-safe
/home/ssafy/final_ws/install/dobot_gesture_control/lib/python3.10/site-packages/dobot_gesture_control-0.0.1-py3.10.egg-info/requires.txt
/home/ssafy/final_ws/install/dobot_gesture_control/lib/dobot_gesture_control/conveyor_controller_node
/home/ssafy/final_ws/install/dobot_gesture_control/lib/dobot_gesture_control/gesture_bridge_node
/home/ssafy/final_ws/install/dobot_gesture_control/lib/dobot_gesture_control/gesture_bridge_node_test
/home/ssafy/final_ws/install/dobot_gesture_control/lib/dobot_gesture_control/gesture_ptp_move
/home/ssafy/final_ws/install/dobot_gesture_control/lib/dobot_gesture_control/realsense_yolo_sorter
