running egg_info
creating ../../build/dobot_gesture_control/dobot_gesture_control.egg-info
writing manifest file '../../build/dobot_gesture_control/dobot_gesture_control.egg-info/SOURCES.txt'
writing manifest file '../../build/dobot_gesture_control/dobot_gesture_control.egg-info/SOURCES.txt'
running build
running build_py
creating /home/ssafy/final_ws/build/dobot_gesture_control/build
creating /home/ssafy/final_ws/build/dobot_gesture_control/build/lib
creating /home/ssafy/final_ws/build/dobot_gesture_control/build/lib/dobot_gesture_control
copying dobot_gesture_control/conveyor_controller_node.py -> /home/ssafy/final_ws/build/dobot_gesture_control/build/lib/dobot_gesture_control
copying dobot_gesture_control/gesture_ptp_move.py -> /home/ssafy/final_ws/build/dobot_gesture_control/build/lib/dobot_gesture_control
copying dobot_gesture_control/realsense_yolo_sorter.py -> /home/ssafy/final_ws/build/dobot_gesture_control/build/lib/dobot_gesture_control
copying dobot_gesture_control/gesture_bridge_node.py -> /home/ssafy/final_ws/build/dobot_gesture_control/build/lib/dobot_gesture_control
copying dobot_gesture_control/__init__.py -> /home/ssafy/final_ws/build/dobot_gesture_control/build/lib/dobot_gesture_control
running install
running install_lib
creating /home/ssafy/final_ws/install/dobot_gesture_control/lib/python3.10/site-packages/dobot_gesture_control
byte-compiling /home/ssafy/final_ws/install/dobot_gesture_control/lib/python3.10/site-packages/dobot_gesture_control/conveyor_controller_node.py to conveyor_controller_node.cpython-310.pyc
byte-compiling /home/ssafy/final_ws/install/dobot_gesture_control/lib/python3.10/site-packages/dobot_gesture_control/gesture_ptp_move.py to gesture_ptp_move.cpython-310.pyc
byte-compiling /home/ssafy/final_ws/install/dobot_gesture_control/lib/python3.10/site-packages/dobot_gesture_control/realsense_yolo_sorter.py to realsense_yolo_sorter.cpython-310.pyc
byte-compiling /home/ssafy/final_ws/install/dobot_gesture_control/lib/python3.10/site-packages/dobot_gesture_control/gesture_bridge_node.py to gesture_bridge_node.cpython-310.pyc
byte-compiling /home/ssafy/final_ws/install/dobot_gesture_control/lib/python3.10/site-packages/dobot_gesture_control/__init__.py to __init__.cpython-310.pyc
running install_data
creating /home/ssafy/final_ws/install/dobot_gesture_control/share/ament_index
creating /home/ssafy/final_ws/install/dobot_gesture_control/share/ament_index/resource_index
creating /home/ssafy/final_ws/install/dobot_gesture_control/share/ament_index/resource_index/packages
copying resource/dobot_gesture_control -> /home/ssafy/final_ws/install/dobot_gesture_control/share/ament_index/resource_index/packages
copying package.xml -> /home/ssafy/final_ws/install/dobot_gesture_control/share/dobot_gesture_control
creating /home/ssafy/final_ws/install/dobot_gesture_control/share/dobot_gesture_control/launch
copying launch/full_system.launch.py -> /home/ssafy/final_ws/install/dobot_gesture_control/share/dobot_gesture_control/launch
running install_egg_info
Copying ../../build/dobot_gesture_control/dobot_gesture_control.egg-info to /home/ssafy/final_ws/install/dobot_gesture_control/lib/python3.10/site-packages/dobot_gesture_control-0.0.1-py3.10.egg-info
running install_scripts
writing list of installed files to '/home/ssafy/final_ws/build/dobot_gesture_control/install.log'
