[0.473s] Invoking command in '/home/ssafy/final_ws/src/dobot_gesture_control': PYTHONPATH=/home/ssafy/final_ws/build/dobot_gesture_control/prefix_override:/usr/lib/python3/dist-packages/colcon_core/task/python/colcon_distutils_commands:/home/ssafy/final_ws/install/dobot_gesture_control/lib/python3.10/site-packages:${PYTHONPATH} /usr/bin/python3 -W ignore:setup.py install is deprecated -W ignore:easy_install command is deprecated setup.py egg_info --egg-base ../../build/dobot_gesture_control build --build-base /home/ssafy/final_ws/build/dobot_gesture_control/build install --record /home/ssafy/final_ws/build/dobot_gesture_control/install.log --single-version-externally-managed install_data
[0.665s] running egg_info
[0.665s] creating ../../build/dobot_gesture_control/dobot_gesture_control.egg-info
[0.665s] writing manifest file '../../build/dobot_gesture_control/dobot_gesture_control.egg-info/SOURCES.txt'
[0.667s] writing manifest file '../../build/dobot_gesture_control/dobot_gesture_control.egg-info/SOURCES.txt'
[0.667s] running build
[0.667s] running build_py
[0.667s] creating /home/ssafy/final_ws/build/dobot_gesture_control/build
[0.667s] creating /home/ssafy/final_ws/build/dobot_gesture_control/build/lib
[0.667s] creating /home/ssafy/final_ws/build/dobot_gesture_control/build/lib/dobot_gesture_control
[0.667s] copying dobot_gesture_control/__init__.py -> /home/ssafy/final_ws/build/dobot_gesture_control/build/lib/dobot_gesture_control
[0.667s] running install
[0.668s] running install_lib
[0.668s] creating /home/ssafy/final_ws/install/dobot_gesture_control/lib/python3.10/site-packages/dobot_gesture_control
[0.669s] byte-compiling /home/ssafy/final_ws/install/dobot_gesture_control/lib/python3.10/site-packages/dobot_gesture_control/__init__.py to __init__.cpython-310.pyc
[0.669s] running install_data
[0.669s] creating /home/ssafy/final_ws/install/dobot_gesture_control/share/ament_index
[0.669s] creating /home/ssafy/final_ws/install/dobot_gesture_control/share/ament_index/resource_index
[0.669s] creating /home/ssafy/final_ws/install/dobot_gesture_control/share/ament_index/resource_index/packages
[0.669s] copying resource/dobot_gesture_control -> /home/ssafy/final_ws/install/dobot_gesture_control/share/ament_index/resource_index/packages
[0.669s] copying package.xml -> /home/ssafy/final_ws/install/dobot_gesture_control/share/dobot_gesture_control
[0.669s] running install_egg_info
[0.670s] Copying ../../build/dobot_gesture_control/dobot_gesture_control.egg-info to /home/ssafy/final_ws/install/dobot_gesture_control/lib/python3.10/site-packages/dobot_gesture_control-0.0.0-py3.10.egg-info
[0.670s] running install_scripts
[0.685s] writing list of installed files to '/home/ssafy/final_ws/build/dobot_gesture_control/install.log'
[0.700s] Invoked command in '/home/ssafy/final_ws/src/dobot_gesture_control' returned '0': PYTHONPATH=/home/ssafy/final_ws/build/dobot_gesture_control/prefix_override:/usr/lib/python3/dist-packages/colcon_core/task/python/colcon_distutils_commands:/home/ssafy/final_ws/install/dobot_gesture_control/lib/python3.10/site-packages:${PYTHONPATH} /usr/bin/python3 -W ignore:setup.py install is deprecated -W ignore:easy_install command is deprecated setup.py egg_info --egg-base ../../build/dobot_gesture_control build --build-base /home/ssafy/final_ws/build/dobot_gesture_control/build install --record /home/ssafy/final_ws/build/dobot_gesture_control/install.log --single-version-externally-managed install_data
