[0.517s] Invoking command in '/home/ssafy/final_ws/src/dobot_gesture_control': PYTHONPATH=/home/ssafy/final_ws/build/dobot_gesture_control/prefix_override:/usr/lib/python3/dist-packages/colcon_core/task/python/colcon_distutils_commands:/home/ssafy/final_ws/install/dobot_gesture_control/lib/python3.10/site-packages:${PYTHONPATH} /usr/bin/python3 -W ignore:setup.py install is deprecated -W ignore:easy_install command is deprecated setup.py egg_info --egg-base ../../build/dobot_gesture_control build --build-base /home/ssafy/final_ws/build/dobot_gesture_control/build install --record /home/ssafy/final_ws/build/dobot_gesture_control/install.log --single-version-externally-managed install_data
[0.715s] running egg_info
[0.726s] writing manifest file '../../build/dobot_gesture_control/dobot_gesture_control.egg-info/SOURCES.txt'
[0.726s] running build
[0.726s] running build_py
[0.726s] copying dobot_gesture_control/gesture_bridge_node_test.py -> /home/ssafy/final_ws/build/dobot_gesture_control/build/lib/dobot_gesture_control
[0.726s] copying dobot_gesture_control/test.py -> /home/ssafy/final_ws/build/dobot_gesture_control/build/lib/dobot_gesture_control
[0.726s] copying dobot_gesture_control/hand_position_controller.py -> /home/ssafy/final_ws/build/dobot_gesture_control/build/lib/dobot_gesture_control
[0.726s] copying dobot_gesture_control/gesture_bridge_node.py -> /home/ssafy/final_ws/build/dobot_gesture_control/build/lib/dobot_gesture_control
[0.726s] copying dobot_gesture_control/realsense_hand_publisher.py -> /home/ssafy/final_ws/build/dobot_gesture_control/build/lib/dobot_gesture_control
[0.726s] running install
[0.727s] running install_lib
[0.728s] byte-compiling /home/ssafy/final_ws/install/dobot_gesture_control/lib/python3.10/site-packages/dobot_gesture_control/gesture_bridge_node_test.py to gesture_bridge_node_test.cpython-310.pyc
[0.728s] byte-compiling /home/ssafy/final_ws/install/dobot_gesture_control/lib/python3.10/site-packages/dobot_gesture_control/test.py to test.cpython-310.pyc
[0.729s] byte-compiling /home/ssafy/final_ws/install/dobot_gesture_control/lib/python3.10/site-packages/dobot_gesture_control/hand_position_controller.py to hand_position_controller.cpython-310.pyc
[0.730s] byte-compiling /home/ssafy/final_ws/install/dobot_gesture_control/lib/python3.10/site-packages/dobot_gesture_control/gesture_bridge_node.py to gesture_bridge_node.cpython-310.pyc
[0.730s] byte-compiling /home/ssafy/final_ws/install/dobot_gesture_control/lib/python3.10/site-packages/dobot_gesture_control/realsense_hand_publisher.py to realsense_hand_publisher.cpython-310.pyc
[0.731s] running install_data
[0.731s] running install_egg_info
[0.733s] removing '/home/ssafy/final_ws/install/dobot_gesture_control/lib/python3.10/site-packages/dobot_gesture_control-0.0.1-py3.10.egg-info' (and everything under it)
[0.733s] Copying ../../build/dobot_gesture_control/dobot_gesture_control.egg-info to /home/ssafy/final_ws/install/dobot_gesture_control/lib/python3.10/site-packages/dobot_gesture_control-0.0.1-py3.10.egg-info
[0.733s] running install_scripts
[0.747s] writing list of installed files to '/home/ssafy/final_ws/build/dobot_gesture_control/install.log'
[0.762s] Invoked command in '/home/ssafy/final_ws/src/dobot_gesture_control' returned '0': PYTHONPATH=/home/ssafy/final_ws/build/dobot_gesture_control/prefix_override:/usr/lib/python3/dist-packages/colcon_core/task/python/colcon_distutils_commands:/home/ssafy/final_ws/install/dobot_gesture_control/lib/python3.10/site-packages:${PYTHONPATH} /usr/bin/python3 -W ignore:setup.py install is deprecated -W ignore:easy_install command is deprecated setup.py egg_info --egg-base ../../build/dobot_gesture_control build --build-base /home/ssafy/final_ws/build/dobot_gesture_control/build install --record /home/ssafy/final_ws/build/dobot_gesture_control/install.log --single-version-externally-managed install_data
